# JRE version: 7.0_04-b20
# Java VM: Java HotSpot(TM) Client VM (23.0-b21 mixed mode, sharing windows-x86 )
Heap
 def new generation   total 8704K, used 7577K [0x246d0000, 0x25040000, 0x29c20000)
  eden space 7744K,  85% used [0x246d0000, 0x24d46650, 0x24e60000)
  from space 960K, 100% used [0x24e60000, 0x24f50000, 0x24f50000)
  to   space 960K,   0% used [0x24f50000, 0x24f50000, 0x25040000)
 tenured generation   total 19184K, used 13343K [0x29c20000, 0x2aedc000, 0x346d0000)
   the space 19184K,  69% used [0x29c20000, 0x2a927f60, 0x2a928000, 0x2aedc000)
 compacting perm gen  total 12288K, used 3730K [0x346d0000, 0x352d0000, 0x386d0000)
   the space 12288K,  30% used [0x346d0000, 0x34a74b40, 0x34a74c00, 0x352d0000)
    ro space 10240K,  45% used [0x386d0000, 0x38b53958, 0x38b53a00, 0x390d0000)
    rw space 12288K,  54% used [0x390d0000, 0x39757498, 0x39757600, 0x39cd0000)
GC Heap History (10 events):
Event: 0.527 GC heap before
{Heap before GC invocations=3 (full 0):
 def new generation   total 4928K, used 4429K [0x246d0000, 0x24c20000, 0x29c20000)
  eden space 4416K,  99% used [0x246d0000, 0x24b1f010, 0x24b20000)
  from space 512K,   3% used [0x24ba0000, 0x24ba4698, 0x24c20000)
  to   space 512K,   0% used [0x24b20000, 0x24b20000, 0x24ba0000)
 tenured generation   total 10944K, used 4954K [0x29c20000, 0x2a6d0000, 0x346d0000)
   the space 10944K,  45% used [0x29c20000, 0x2a0f68f8, 0x2a0f6a00, 0x2a6d0000)
 compacting perm gen  total 12288K, used 1928K [0x346d0000, 0x352d0000, 0x386d0000)
   the space 12288K,  15% used [0x346d0000, 0x348b2380, 0x348b2400, 0x352d0000)
    ro space 10240K,  45% used [0x386d0000, 0x38b53958, 0x38b53a00, 0x390d0000)
    rw space 12288K,  54% used [0x390d0000, 0x39757498, 0x39757600, 0x39cd0000)
Event: 0.529 GC heap after
Heap after GC invocations=4 (full 0):
 def new generation   total 4928K, used 17K [0x246d0000, 0x24c20000, 0x29c20000)
  eden space 4416K,   0% used [0x246d0000, 0x246d0000, 0x24b20000)
  from space 512K,   3% used [0x24b20000, 0x24b247e8, 0x24ba0000)
  to   space 512K,   0% used [0x24ba0000, 0x24ba0000, 0x24c20000)
 tenured generation   total 10944K, used 8026K [0x29c20000, 0x2a6d0000, 0x346d0000)
   the space 10944K,  73% used [0x29c20000, 0x2a3f6908, 0x2a3f6a00, 0x2a6d0000)
 compacting perm gen  total 12288K, used 1928K [0x346d0000, 0x352d0000, 0x386d0000)
   the space 12288K,  15% used [0x346d0000, 0x348b2380, 0x348b2400, 0x352d0000)
    ro space 10240K,  45% used [0x386d0000, 0x38b53958, 0x38b53a00, 0x390d0000)
    rw space 12288K,  54% used [0x390d0000, 0x39757498, 0x39757600, 0x39cd0000)
}
Event: 0.570 GC heap before
{Heap before GC invocations=4 (full 0):
 def new generation   total 4928K, used 2526K [0x246d0000, 0x24c20000, 0x29c20000)
  eden space 4416K,  56% used [0x246d0000, 0x24943300, 0x24b20000)
  from space 512K,   3% used [0x24b20000, 0x24b247e8, 0x24ba0000)
  to   space 512K,   0% used [0x24ba0000, 0x24ba0000, 0x24c20000)
 tenured generation   total 10944K, used 8026K [0x29c20000, 0x2a6d0000, 0x346d0000)
   the space 10944K,  73% used [0x29c20000, 0x2a3f6908, 0x2a3f6a00, 0x2a6d0000)
 compacting perm gen  total 12288K, used 1936K [0x346d0000, 0x352d0000, 0x386d0000)
   the space 12288K,  15% used [0x346d0000, 0x348b43a8, 0x348b4400, 0x352d0000)
    ro space 10240K,  45% used [0x386d0000, 0x38b53958, 0x38b53a00, 0x390d0000)
    rw space 12288K,  54% used [0x390d0000, 0x39757498, 0x39757600, 0x39cd0000)
Event: 0.570 GC heap after
Heap after GC invocations=5 (full 0):
 def new generation   total 4928K, used 163K [0x246d0000, 0x24c20000, 0x29c20000)
  eden space 4416K,   0% used [0x246d0000, 0x246d0000, 0x24b20000)
  from space 512K,  31% used [0x24ba0000, 0x24bc8c88, 0x24c20000)
  to   space 512K,   0% used [0x24b20000, 0x24b20000, 0x24ba0000)
 tenured generation   total 10944K, used 8026K [0x29c20000, 0x2a6d0000, 0x346d0000)
   the space 10944K,  73% used [0x29c20000, 0x2a3f6908, 0x2a3f6a00, 0x2a6d0000)
 compacting perm gen  total 12288K, used 1936K [0x346d0000, 0x352d0000, 0x386d0000)
   the space 12288K,  15% used [0x346d0000, 0x348b43a8, 0x348b4400, 0x352d0000)
    ro space 10240K,  45% used [0x386d0000, 0x38b53958, 0x38b53a00, 0x390d0000)
    rw space 12288K,  54% used [0x390d0000, 0x39757498, 0x39757600, 0x39cd0000)
}
Event: 0.688 GC heap before
{Heap before GC invocations=5 (full 0):
 def new generation   total 4928K, used 4579K [0x246d0000, 0x24c20000, 0x29c20000)
  eden space 4416K, 100% used [0x246d0000, 0x24b20000, 0x24b20000)
  from space 512K,  31% used [0x24ba0000, 0x24bc8c88, 0x24c20000)
  to   space 512K,   0% used [0x24b20000, 0x24b20000, 0x24ba0000)
 tenured generation   total 10944K, used 8026K [0x29c20000, 0x2a6d0000, 0x346d0000)
   the space 10944K,  73% used [0x29c20000, 0x2a3f6908, 0x2a3f6a00, 0x2a6d0000)
 compacting perm gen  total 12288K, used 2200K [0x346d0000, 0x352d0000, 0x386d0000)
   the space 12288K,  17% used [0x346d0000, 0x348f6140, 0x348f6200, 0x352d0000)
    ro space 10240K,  45% used [0x386d0000, 0x38b53958, 0x38b53a00, 0x390d0000)
    rw space 12288K,  54% used [0x390d0000, 0x39757498, 0x39757600, 0x39cd0000)
Event: 0.714 GC heap after
Heap after GC invocations=6 (full 1):
 def new generation   total 8704K, used 0K [0x246d0000, 0x25040000, 0x29c20000)
  eden space 7744K,   0% used [0x246d0000, 0x246d0000, 0x24e60000)
  from space 960K,   0% used [0x24e60000, 0x24e60000, 0x24f50000)
  to   space 960K,   0% used [0x24f50000, 0x24f50000, 0x25040000)
 tenured generation   total 19184K, used 11509K [0x29c20000, 0x2aedc000, 0x346d0000)
   the space 19184K,  59% used [0x29c20000, 0x2a75d680, 0x2a75d800, 0x2aedc000)
 compacting perm gen  total 12288K, used 2200K [0x346d0000, 0x352d0000, 0x386d0000)
   the space 12288K,  17% used [0x346d0000, 0x348f6140, 0x348f6200, 0x352d0000)
    ro space 10240K,  45% used [0x386d0000, 0x38b53958, 0x38b53a00, 0x390d0000)
    rw space 12288K,  54% used [0x390d0000, 0x39757498, 0x39757600, 0x39cd0000)
}
Event: 1.033 GC heap before
{Heap before GC invocations=6 (full 1):
 def new generation   total 8704K, used 7744K [0x246d0000, 0x25040000, 0x29c20000)
  eden space 7744K, 100% used [0x246d0000, 0x24e60000, 0x24e60000)
  from space 960K,   0% used [0x24e60000, 0x24e60000, 0x24f50000)
  to   space 960K,   0% used [0x24f50000, 0x24f50000, 0x25040000)
 tenured generation   total 19184K, used 11509K [0x29c20000, 0x2aedc000, 0x346d0000)
   the space 19184K,  59% used [0x29c20000, 0x2a75d680, 0x2a75d800, 0x2aedc000)
 compacting perm gen  total 12288K, used 2906K [0x346d0000, 0x352d0000, 0x386d0000)
   the space 12288K,  23% used [0x346d0000, 0x349a6a88, 0x349a6c00, 0x352d0000)
    ro space 10240K,  45% used [0x386d0000, 0x38b53958, 0x38b53a00, 0x390d0000)
    rw space 12288K,  54% used [0x390d0000, 0x39757498, 0x39757600, 0x39cd0000)
Event: 1.040 GC heap after
Heap after GC invocations=7 (full 1):
 def new generation   total 8704K, used 960K [0x246d0000, 0x25040000, 0x29c20000)
  eden space 7744K,   0% used [0x246d0000, 0x246d0000, 0x24e60000)
  from space 960K, 100% used [0x24f50000, 0x25040000, 0x25040000)
  to   space 960K,   0% used [0x24e60000, 0x24e60000, 0x24f50000)
 tenured generation   total 19184K, used 12094K [0x29c20000, 0x2aedc000, 0x346d0000)
   the space 19184K,  63% used [0x29c20000, 0x2a7efb80, 0x2a7efc00, 0x2aedc000)
 compacting perm gen  total 12288K, used 2906K [0x346d0000, 0x352d0000, 0x386d0000)
   the space 12288K,  23% used [0x346d0000, 0x349a6a88, 0x349a6c00, 0x352d0000)
    ro space 10240K,  45% used [0x386d0000, 0x38b53958, 0x38b53a00, 0x390d0000)
    rw space 12288K,  54% used [0x390d0000, 0x39757498, 0x39757600, 0x39cd0000)
}
Event: 7.333 GC heap before
{Heap before GC invocations=7 (full 1):
 def new generation   total 8704K, used 8704K [0x246d0000, 0x25040000, 0x29c20000)
  eden space 7744K, 100% used [0x246d0000, 0x24e60000, 0x24e60000)
  from space 960K, 100% used [0x24f50000, 0x25040000, 0x25040000)
  to   space 960K,   0% used [0x24e60000, 0x24e60000, 0x24f50000)
 tenured generation   total 19184K, used 12094K [0x29c20000, 0x2aedc000, 0x346d0000)
   the space 19184K,  63% used [0x29c20000, 0x2a7efb80, 0x2a7efc00, 0x2aedc000)
 compacting perm gen  total 12288K, used 3723K [0x346d0000, 0x352d0000, 0x386d0000)
   the space 12288K,  30% used [0x346d0000, 0x34a72d48, 0x34a72e00, 0x352d0000)
    ro space 10240K,  45% used [0x386d0000, 0x38b53958, 0x38b53a00, 0x390d0000)
    rw space 12288K,  54% used [0x390d0000, 0x39757498, 0x39757600, 0x39cd0000)
Event: 7.342 GC heap after
Heap after GC invocations=8 (full 1):
 def new generation   total 8704K, used 960K [0x246d0000, 0x25040000, 0x29c20000)
  eden space 7744K,   0% used [0x246d0000, 0x246d0000, 0x24e60000)
  from space 960K, 100% used [0x24e60000, 0x24f50000, 0x24f50000)
  to   space 960K,   0% used [0x24f50000, 0x24f50000, 0x25040000)
 tenured generation   total 19184K, used 13343K [0x29c20000, 0x2aedc000, 0x346d0000)
   the space 19184K,  69% used [0x29c20000, 0x2a927f60, 0x2a928000, 0x2aedc000)
 compacting perm gen  total 12288K, used 3723K [0x346d0000, 0x352d0000, 0x386d0000)
   the space 12288K,  30% used [0x346d0000, 0x34a72d48, 0x34a72e00, 0x352d0000)
    ro space 10240K,  45% used [0x386d0000, 0x38b53958, 0x38b53a00, 0x390d0000)
    rw space 12288K,  54% used [0x390d0000, 0x39757498, 0x39757600, 0x39cd0000)
}

