# JRE version: 7.0_04-b20
# Java VM: Java HotSpot(TM) Client VM (23.0-b21 mixed mode, sharing windows-x86 )
Heap
 def new generation   total 8704K, used 7731K [0x246d0000, 0x25040000, 0x29c20000)
  eden space 7744K,  87% used [0x246d0000, 0x24d6cdb8, 0x24e60000)
  from space 960K, 100% used [0x24e60000, 0x24f50000, 0x24f50000)
  to   space 960K,   0% used [0x24f50000, 0x24f50000, 0x25040000)
 tenured generation   total 19228K, used 13322K [0x29c20000, 0x2aee7000, 0x346d0000)
   the space 19228K,  69% used [0x29c20000, 0x2a922af0, 0x2a922c00, 0x2aee7000)
 compacting perm gen  total 12288K, used 3731K [0x346d0000, 0x352d0000, 0x386d0000)
   the space 12288K,  30% used [0x346d0000, 0x34a74c08, 0x34a74e00, 0x352d0000)
    ro space 10240K,  45% used [0x386d0000, 0x38b53958, 0x38b53a00, 0x390d0000)
    rw space 12288K,  54% used [0x390d0000, 0x39757498, 0x39757600, 0x39cd0000)
GC Heap History (10 events):
Event: 0.497 GC heap before
{Heap before GC invocations=3 (full 0):
 def new generation   total 4928K, used 4432K [0x246d0000, 0x24c20000, 0x29c20000)
  eden space 4416K,  99% used [0x246d0000, 0x24b1fd00, 0x24b20000)
  from space 512K,   3% used [0x24ba0000, 0x24ba4650, 0x24c20000)
  to   space 512K,   0% used [0x24b20000, 0x24b20000, 0x24ba0000)
 tenured generation   total 10944K, used 4962K [0x29c20000, 0x2a6d0000, 0x346d0000)
   the space 10944K,  45% used [0x29c20000, 0x2a0f8b80, 0x2a0f8c00, 0x2a6d0000)
 compacting perm gen  total 12288K, used 1931K [0x346d0000, 0x352d0000, 0x386d0000)
   the space 12288K,  15% used [0x346d0000, 0x348b2fc0, 0x348b3000, 0x352d0000)
    ro space 10240K,  45% used [0x386d0000, 0x38b53958, 0x38b53a00, 0x390d0000)
    rw space 12288K,  54% used [0x390d0000, 0x39757498, 0x39757600, 0x39cd0000)
Event: 0.500 GC heap after
Heap after GC invocations=4 (full 0):
 def new generation   total 4928K, used 17K [0x246d0000, 0x24c20000, 0x29c20000)
  eden space 4416K,   0% used [0x246d0000, 0x246d0000, 0x24b20000)
  from space 512K,   3% used [0x24b20000, 0x24b24780, 0x24ba0000)
  to   space 512K,   0% used [0x24ba0000, 0x24ba0000, 0x24c20000)
 tenured generation   total 10944K, used 8034K [0x29c20000, 0x2a6d0000, 0x346d0000)
   the space 10944K,  73% used [0x29c20000, 0x2a3f8b90, 0x2a3f8c00, 0x2a6d0000)
 compacting perm gen  total 12288K, used 1931K [0x346d0000, 0x352d0000, 0x386d0000)
   the space 12288K,  15% used [0x346d0000, 0x348b2fc0, 0x348b3000, 0x352d0000)
    ro space 10240K,  45% used [0x386d0000, 0x38b53958, 0x38b53a00, 0x390d0000)
    rw space 12288K,  54% used [0x390d0000, 0x39757498, 0x39757600, 0x39cd0000)
}
Event: 0.538 GC heap before
{Heap before GC invocations=4 (full 0):
 def new generation   total 4928K, used 2542K [0x246d0000, 0x24c20000, 0x29c20000)
  eden space 4416K,  57% used [0x246d0000, 0x249473d8, 0x24b20000)
  from space 512K,   3% used [0x24b20000, 0x24b24780, 0x24ba0000)
  to   space 512K,   0% used [0x24ba0000, 0x24ba0000, 0x24c20000)
 tenured generation   total 10944K, used 8034K [0x29c20000, 0x2a6d0000, 0x346d0000)
   the space 10944K,  73% used [0x29c20000, 0x2a3f8b90, 0x2a3f8c00, 0x2a6d0000)
 compacting perm gen  total 12288K, used 1939K [0x346d0000, 0x352d0000, 0x386d0000)
   the space 12288K,  15% used [0x346d0000, 0x348b4ff8, 0x348b5000, 0x352d0000)
    ro space 10240K,  45% used [0x386d0000, 0x38b53958, 0x38b53a00, 0x390d0000)
    rw space 12288K,  54% used [0x390d0000, 0x39757498, 0x39757600, 0x39cd0000)
Event: 0.539 GC heap after
Heap after GC invocations=5 (full 0):
 def new generation   total 4928K, used 163K [0x246d0000, 0x24c20000, 0x29c20000)
  eden space 4416K,   0% used [0x246d0000, 0x246d0000, 0x24b20000)
  from space 512K,  31% used [0x24ba0000, 0x24bc8c20, 0x24c20000)
  to   space 512K,   0% used [0x24b20000, 0x24b20000, 0x24ba0000)
 tenured generation   total 10944K, used 8034K [0x29c20000, 0x2a6d0000, 0x346d0000)
   the space 10944K,  73% used [0x29c20000, 0x2a3f8b90, 0x2a3f8c00, 0x2a6d0000)
 compacting perm gen  total 12288K, used 1939K [0x346d0000, 0x352d0000, 0x386d0000)
   the space 12288K,  15% used [0x346d0000, 0x348b4ff8, 0x348b5000, 0x352d0000)
    ro space 10240K,  45% used [0x386d0000, 0x38b53958, 0x38b53a00, 0x390d0000)
    rw space 12288K,  54% used [0x390d0000, 0x39757498, 0x39757600, 0x39cd0000)
}
Event: 0.651 GC heap before
{Heap before GC invocations=5 (full 0):
 def new generation   total 4928K, used 4579K [0x246d0000, 0x24c20000, 0x29c20000)
  eden space 4416K, 100% used [0x246d0000, 0x24b20000, 0x24b20000)
  from space 512K,  31% used [0x24ba0000, 0x24bc8c20, 0x24c20000)
  to   space 512K,   0% used [0x24b20000, 0x24b20000, 0x24ba0000)
 tenured generation   total 10944K, used 8034K [0x29c20000, 0x2a6d0000, 0x346d0000)
   the space 10944K,  73% used [0x29c20000, 0x2a3f8b90, 0x2a3f8c00, 0x2a6d0000)
 compacting perm gen  total 12288K, used 2211K [0x346d0000, 0x352d0000, 0x386d0000)
   the space 12288K,  17% used [0x346d0000, 0x348f8cd8, 0x348f8e00, 0x352d0000)
    ro space 10240K,  45% used [0x386d0000, 0x38b53958, 0x38b53a00, 0x390d0000)
    rw space 12288K,  54% used [0x390d0000, 0x39757498, 0x39757600, 0x39cd0000)
Event: 0.676 GC heap after
Heap after GC invocations=6 (full 1):
 def new generation   total 8704K, used 0K [0x246d0000, 0x25040000, 0x29c20000)
  eden space 7744K,   0% used [0x246d0000, 0x246d0000, 0x24e60000)
  from space 960K,   0% used [0x24e60000, 0x24e60000, 0x24f50000)
  to   space 960K,   0% used [0x24f50000, 0x24f50000, 0x25040000)
 tenured generation   total 19228K, used 11534K [0x29c20000, 0x2aee7000, 0x346d0000)
   the space 19228K,  59% used [0x29c20000, 0x2a763b70, 0x2a763c00, 0x2aee7000)
 compacting perm gen  total 12288K, used 2211K [0x346d0000, 0x352d0000, 0x386d0000)
   the space 12288K,  17% used [0x346d0000, 0x348f8cd8, 0x348f8e00, 0x352d0000)
    ro space 10240K,  45% used [0x386d0000, 0x38b53958, 0x38b53a00, 0x390d0000)
    rw space 12288K,  54% used [0x390d0000, 0x39757498, 0x39757600, 0x39cd0000)
}
Event: 0.963 GC heap before
{Heap before GC invocations=6 (full 1):
 def new generation   total 8704K, used 7744K [0x246d0000, 0x25040000, 0x29c20000)
  eden space 7744K, 100% used [0x246d0000, 0x24e60000, 0x24e60000)
  from space 960K,   0% used [0x24e60000, 0x24e60000, 0x24f50000)
  to   space 960K,   0% used [0x24f50000, 0x24f50000, 0x25040000)
 tenured generation   total 19228K, used 11534K [0x29c20000, 0x2aee7000, 0x346d0000)
   the space 19228K,  59% used [0x29c20000, 0x2a763b70, 0x2a763c00, 0x2aee7000)
 compacting perm gen  total 12288K, used 2909K [0x346d0000, 0x352d0000, 0x386d0000)
   the space 12288K,  23% used [0x346d0000, 0x349a76d8, 0x349a7800, 0x352d0000)
    ro space 10240K,  45% used [0x386d0000, 0x38b53958, 0x38b53a00, 0x390d0000)
    rw space 12288K,  54% used [0x390d0000, 0x39757498, 0x39757600, 0x39cd0000)
Event: 0.970 GC heap after
Heap after GC invocations=7 (full 1):
 def new generation   total 8704K, used 960K [0x246d0000, 0x25040000, 0x29c20000)
  eden space 7744K,   0% used [0x246d0000, 0x246d0000, 0x24e60000)
  from space 960K, 100% used [0x24f50000, 0x25040000, 0x25040000)
  to   space 960K,   0% used [0x24e60000, 0x24e60000, 0x24f50000)
 tenured generation   total 19228K, used 12119K [0x29c20000, 0x2aee7000, 0x346d0000)
   the space 19228K,  63% used [0x29c20000, 0x2a7f5d50, 0x2a7f5e00, 0x2aee7000)
 compacting perm gen  total 12288K, used 2909K [0x346d0000, 0x352d0000, 0x386d0000)
   the space 12288K,  23% used [0x346d0000, 0x349a76d8, 0x349a7800, 0x352d0000)
    ro space 10240K,  45% used [0x386d0000, 0x38b53958, 0x38b53a00, 0x390d0000)
    rw space 12288K,  54% used [0x390d0000, 0x39757498, 0x39757600, 0x39cd0000)
}
Event: 11.164 GC heap before
{Heap before GC invocations=7 (full 1):
 def new generation   total 8704K, used 8704K [0x246d0000, 0x25040000, 0x29c20000)
  eden space 7744K, 100% used [0x246d0000, 0x24e60000, 0x24e60000)
  from space 960K, 100% used [0x24f50000, 0x25040000, 0x25040000)
  to   space 960K,   0% used [0x24e60000, 0x24e60000, 0x24f50000)
 tenured generation   total 19228K, used 12119K [0x29c20000, 0x2aee7000, 0x346d0000)
   the space 19228K,  63% used [0x29c20000, 0x2a7f5d50, 0x2a7f5e00, 0x2aee7000)
 compacting perm gen  total 12288K, used 3721K [0x346d0000, 0x352d0000, 0x386d0000)
   the space 12288K,  30% used [0x346d0000, 0x34a72500, 0x34a72600, 0x352d0000)
    ro space 10240K,  45% used [0x386d0000, 0x38b53958, 0x38b53a00, 0x390d0000)
    rw space 12288K,  54% used [0x390d0000, 0x39757498, 0x39757600, 0x39cd0000)
Event: 11.173 GC heap after
Heap after GC invocations=8 (full 1):
 def new generation   total 8704K, used 960K [0x246d0000, 0x25040000, 0x29c20000)
  eden space 7744K,   0% used [0x246d0000, 0x246d0000, 0x24e60000)
  from space 960K, 100% used [0x24e60000, 0x24f50000, 0x24f50000)
  to   space 960K,   0% used [0x24f50000, 0x24f50000, 0x25040000)
 tenured generation   total 19228K, used 13322K [0x29c20000, 0x2aee7000, 0x346d0000)
   the space 19228K,  69% used [0x29c20000, 0x2a922af0, 0x2a922c00, 0x2aee7000)
 compacting perm gen  total 12288K, used 3721K [0x346d0000, 0x352d0000, 0x386d0000)
   the space 12288K,  30% used [0x346d0000, 0x34a72500, 0x34a72600, 0x352d0000)
    ro space 10240K,  45% used [0x386d0000, 0x38b53958, 0x38b53a00, 0x390d0000)
    rw space 12288K,  54% used [0x390d0000, 0x39757498, 0x39757600, 0x39cd0000)
}

