# JRE version: 7.0_04-b20
# Java VM: Java HotSpot(TM) Client VM (23.0-b21 mixed mode, sharing windows-x86 )
Heap
 def new generation   total 12864K, used 9852K [0x246d0000, 0x254c0000, 0x29c20000)
  eden space 11456K,  73% used [0x246d0000, 0x24f0f368, 0x25200000)
  from space 1408K, 100% used [0x25200000, 0x25360000, 0x25360000)
  to   space 1408K,   0% used [0x25360000, 0x25360000, 0x254c0000)
 tenured generation   total 28388K, used 17582K [0x29c20000, 0x2b7d9000, 0x346d0000)
   the space 28388K,  61% used [0x29c20000, 0x2ad4b9a8, 0x2ad4ba00, 0x2b7d9000)
 compacting perm gen  total 12288K, used 3754K [0x346d0000, 0x352d0000, 0x386d0000)
   the space 12288K,  30% used [0x346d0000, 0x34a7ab08, 0x34a7ac00, 0x352d0000)
    ro space 10240K,  45% used [0x386d0000, 0x38b53958, 0x38b53a00, 0x390d0000)
    rw space 12288K,  54% used [0x390d0000, 0x39757498, 0x39757600, 0x39cd0000)
GC Heap History (10 events):
Event: 7.922 GC heap before
{Heap before GC invocations=8 (full 1):
 def new generation   total 8704K, used 8704K [0x246d0000, 0x25040000, 0x29c20000)
  eden space 7744K, 100% used [0x246d0000, 0x24e60000, 0x24e60000)
  from space 960K, 100% used [0x24e60000, 0x24f50000, 0x24f50000)
  to   space 960K,   0% used [0x24f50000, 0x24f50000, 0x25040000)
 tenured generation   total 19192K, used 13299K [0x29c20000, 0x2aede000, 0x346d0000)
   the space 19192K,  69% used [0x29c20000, 0x2a91ce90, 0x2a91d000, 0x2aede000)
 compacting perm gen  total 12288K, used 3742K [0x346d0000, 0x352d0000, 0x386d0000)
   the space 12288K,  30% used [0x346d0000, 0x34a778b0, 0x34a77a00, 0x352d0000)
    ro space 10240K,  45% used [0x386d0000, 0x38b53958, 0x38b53a00, 0x390d0000)
    rw space 12288K,  54% used [0x390d0000, 0x39757498, 0x39757600, 0x39cd0000)
Event: 7.940 GC heap after
Heap after GC invocations=9 (full 1):
 def new generation   total 8704K, used 959K [0x246d0000, 0x25040000, 0x29c20000)
  eden space 7744K,   0% used [0x246d0000, 0x246d0000, 0x24e60000)
  from space 960K,  99% used [0x24f50000, 0x2503fff8, 0x25040000)
  to   space 960K,   0% used [0x24e60000, 0x24e60000, 0x24f50000)
 tenured generation   total 19192K, used 17186K [0x29c20000, 0x2aede000, 0x346d0000)
   the space 19192K,  89% used [0x29c20000, 0x2ace8888, 0x2ace8a00, 0x2aede000)
 compacting perm gen  total 12288K, used 3742K [0x346d0000, 0x352d0000, 0x386d0000)
   the space 12288K,  30% used [0x346d0000, 0x34a778b0, 0x34a77a00, 0x352d0000)
    ro space 10240K,  45% used [0x386d0000, 0x38b53958, 0x38b53a00, 0x390d0000)
    rw space 12288K,  54% used [0x390d0000, 0x39757498, 0x39757600, 0x39cd0000)
}
Event: 21.530 GC heap before
{Heap before GC invocations=9 (full 1):
 def new generation   total 8704K, used 8703K [0x246d0000, 0x25040000, 0x29c20000)
  eden space 7744K, 100% used [0x246d0000, 0x24e60000, 0x24e60000)
  from space 960K,  99% used [0x24f50000, 0x2503fff8, 0x25040000)
  to   space 960K,   0% used [0x24e60000, 0x24e60000, 0x24f50000)
 tenured generation   total 19192K, used 17186K [0x29c20000, 0x2aede000, 0x346d0000)
   the space 19192K,  89% used [0x29c20000, 0x2ace8888, 0x2ace8a00, 0x2aede000)
 compacting perm gen  total 12288K, used 3745K [0x346d0000, 0x352d0000, 0x386d0000)
   the space 12288K,  30% used [0x346d0000, 0x34a786b0, 0x34a78800, 0x352d0000)
    ro space 10240K,  45% used [0x386d0000, 0x38b53958, 0x38b53a00, 0x390d0000)
    rw space 12288K,  54% used [0x390d0000, 0x39757498, 0x39757600, 0x39cd0000)
Event: 21.538 GC heap after
Heap after GC invocations=10 (full 1):
 def new generation   total 8704K, used 960K [0x246d0000, 0x25040000, 0x29c20000)
  eden space 7744K,   0% used [0x246d0000, 0x246d0000, 0x24e60000)
  from space 960K, 100% used [0x24e60000, 0x24f50000, 0x24f50000)
  to   space 960K,   0% used [0x24f50000, 0x24f50000, 0x25040000)
 tenured generation   total 19192K, used 18220K [0x29c20000, 0x2aede000, 0x346d0000)
   the space 19192K,  94% used [0x29c20000, 0x2adeb358, 0x2adeb400, 0x2aede000)
 compacting perm gen  total 12288K, used 3745K [0x346d0000, 0x352d0000, 0x386d0000)
   the space 12288K,  30% used [0x346d0000, 0x34a786b0, 0x34a78800, 0x352d0000)
    ro space 10240K,  45% used [0x386d0000, 0x38b53958, 0x38b53a00, 0x390d0000)
    rw space 12288K,  54% used [0x390d0000, 0x39757498, 0x39757600, 0x39cd0000)
}
Event: 21.843 GC heap before
{Heap before GC invocations=10 (full 1):
 def new generation   total 8704K, used 8704K [0x246d0000, 0x25040000, 0x29c20000)
  eden space 7744K, 100% used [0x246d0000, 0x24e60000, 0x24e60000)
  from space 960K, 100% used [0x24e60000, 0x24f50000, 0x24f50000)
  to   space 960K,   0% used [0x24f50000, 0x24f50000, 0x25040000)
 tenured generation   total 19192K, used 18220K [0x29c20000, 0x2aede000, 0x346d0000)
   the space 19192K,  94% used [0x29c20000, 0x2adeb358, 0x2adeb400, 0x2aede000)
 compacting perm gen  total 12288K, used 3745K [0x346d0000, 0x352d0000, 0x386d0000)
   the space 12288K,  30% used [0x346d0000, 0x34a786f0, 0x34a78800, 0x352d0000)
    ro space 10240K,  45% used [0x386d0000, 0x38b53958, 0x38b53a00, 0x390d0000)
    rw space 12288K,  54% used [0x390d0000, 0x39757498, 0x39757600, 0x39cd0000)
Event: 21.908 GC heap after
Heap after GC invocations=11 (full 2):
 def new generation   total 12864K, used 0K [0x246d0000, 0x254c0000, 0x29c20000)
  eden space 11456K,   0% used [0x246d0000, 0x246d0000, 0x25200000)
  from space 1408K,   0% used [0x25200000, 0x25200000, 0x25360000)
  to   space 1408K,   0% used [0x25360000, 0x25360000, 0x254c0000)
 tenured generation   total 28388K, used 17031K [0x29c20000, 0x2b7d9000, 0x346d0000)
   the space 28388K,  59% used [0x29c20000, 0x2acc1d08, 0x2acc1e00, 0x2b7d9000)
 compacting perm gen  total 12288K, used 3745K [0x346d0000, 0x352d0000, 0x386d0000)
   the space 12288K,  30% used [0x346d0000, 0x34a786f0, 0x34a78800, 0x352d0000)
    ro space 10240K,  45% used [0x386d0000, 0x38b53958, 0x38b53a00, 0x390d0000)
    rw space 12288K,  54% used [0x390d0000, 0x39757498, 0x39757600, 0x39cd0000)
}
Event: 46.229 GC heap before
{Heap before GC invocations=11 (full 2):
 def new generation   total 12864K, used 11456K [0x246d0000, 0x254c0000, 0x29c20000)
  eden space 11456K, 100% used [0x246d0000, 0x25200000, 0x25200000)
  from space 1408K,   0% used [0x25200000, 0x25200000, 0x25360000)
  to   space 1408K,   0% used [0x25360000, 0x25360000, 0x254c0000)
 tenured generation   total 28388K, used 17031K [0x29c20000, 0x2b7d9000, 0x346d0000)
   the space 28388K,  59% used [0x29c20000, 0x2acc1d08, 0x2acc1e00, 0x2b7d9000)
 compacting perm gen  total 12288K, used 3754K [0x346d0000, 0x352d0000, 0x386d0000)
   the space 12288K,  30% used [0x346d0000, 0x34a7a9e8, 0x34a7aa00, 0x352d0000)
    ro space 10240K,  45% used [0x386d0000, 0x38b53958, 0x38b53a00, 0x390d0000)
    rw space 12288K,  54% used [0x390d0000, 0x39757498, 0x39757600, 0x39cd0000)
Event: 46.233 GC heap after
Heap after GC invocations=12 (full 2):
 def new generation   total 12864K, used 944K [0x246d0000, 0x254c0000, 0x29c20000)
  eden space 11456K,   0% used [0x246d0000, 0x246d0000, 0x25200000)
  from space 1408K,  67% used [0x25360000, 0x2544c040, 0x254c0000)
  to   space 1408K,   0% used [0x25200000, 0x25200000, 0x25360000)
 tenured generation   total 28388K, used 17031K [0x29c20000, 0x2b7d9000, 0x346d0000)
   the space 28388K,  59% used [0x29c20000, 0x2acc1d08, 0x2acc1e00, 0x2b7d9000)
 compacting perm gen  total 12288K, used 3754K [0x346d0000, 0x352d0000, 0x386d0000)
   the space 12288K,  30% used [0x346d0000, 0x34a7a9e8, 0x34a7aa00, 0x352d0000)
    ro space 10240K,  45% used [0x386d0000, 0x38b53958, 0x38b53a00, 0x390d0000)
    rw space 12288K,  54% used [0x390d0000, 0x39757498, 0x39757600, 0x39cd0000)
}
Event: 52.666 GC heap before
{Heap before GC invocations=12 (full 2):
 def new generation   total 12864K, used 12400K [0x246d0000, 0x254c0000, 0x29c20000)
  eden space 11456K, 100% used [0x246d0000, 0x25200000, 0x25200000)
  from space 1408K,  67% used [0x25360000, 0x2544c040, 0x254c0000)
  to   space 1408K,   0% used [0x25200000, 0x25200000, 0x25360000)
 tenured generation   total 28388K, used 17031K [0x29c20000, 0x2b7d9000, 0x346d0000)
   the space 28388K,  59% used [0x29c20000, 0x2acc1d08, 0x2acc1e00, 0x2b7d9000)
 compacting perm gen  total 12288K, used 3754K [0x346d0000, 0x352d0000, 0x386d0000)
   the space 12288K,  30% used [0x346d0000, 0x34a7aaf8, 0x34a7ac00, 0x352d0000)
    ro space 10240K,  45% used [0x386d0000, 0x38b53958, 0x38b53a00, 0x390d0000)
    rw space 12288K,  54% used [0x390d0000, 0x39757498, 0x39757600, 0x39cd0000)
Event: 52.672 GC heap after
Heap after GC invocations=13 (full 2):
 def new generation   total 12864K, used 1408K [0x246d0000, 0x254c0000, 0x29c20000)
  eden space 11456K,   0% used [0x246d0000, 0x246d0000, 0x25200000)
  from space 1408K, 100% used [0x25200000, 0x25360000, 0x25360000)
  to   space 1408K,   0% used [0x25360000, 0x25360000, 0x254c0000)
 tenured generation   total 28388K, used 17582K [0x29c20000, 0x2b7d9000, 0x346d0000)
   the space 28388K,  61% used [0x29c20000, 0x2ad4b9a8, 0x2ad4ba00, 0x2b7d9000)
 compacting perm gen  total 12288K, used 3754K [0x346d0000, 0x352d0000, 0x386d0000)
   the space 12288K,  30% used [0x346d0000, 0x34a7aaf8, 0x34a7ac00, 0x352d0000)
    ro space 10240K,  45% used [0x386d0000, 0x38b53958, 0x38b53a00, 0x390d0000)
    rw space 12288K,  54% used [0x390d0000, 0x39757498, 0x39757600, 0x39cd0000)
}

